Flutter crash report.
Please report a bug at https://github.com/flutter/flutter/issues.

## command

flutter pub get

## exception

_CastError: type 'Null' is not a subtype of type 'String' in type cast

```
#0      new Plugin._fromLegacyYaml (package:flutter_tools/src/plugins.dart:198:66)
#1      new Plugin.fromYaml (package:flutter_tools/src/plugins.dart:88:19)
#2      _pluginFromPackage (package:flutter_tools/src/flutter_plugins.dart:63:17)
#3      findPlugins (package:flutter_tools/src/flutter_plugins.dart:88:28)
<asynchronous suspension>
#4      refreshPluginsList (package:flutter_tools/src/flutter_plugins.dart:1080:32)
<asynchronous suspension>
#5      FlutterProject.ensureReadyForPlatformSpecificTooling (package:flutter_tools/src/project.dart:357:5)
<asynchronous suspension>
#6      PackagesGetCommand.runCommand (package:flutter_tools/src/commands/packages.dart:182:7)
<asynchronous suspension>
#7      FlutterCommand.run.<anonymous closure> (package:flutter_tools/src/runner/flutter_command.dart:1257:27)
<asynchronous suspension>
#8      AppContext.run.<anonymous closure> (package:flutter_tools/src/base/context.dart:150:19)
<asynchronous suspension>
#9      CommandRunner.runCommand (package:args/command_runner.dart:209:13)
<asynchronous suspension>
#10     FlutterCommandRunner.runCommand.<anonymous closure> (package:flutter_tools/src/runner/flutter_command_runner.dart:283:9)
<asynchronous suspension>
#11     AppContext.run.<anonymous closure> (package:flutter_tools/src/base/context.dart:150:19)
<asynchronous suspension>
#12     FlutterCommandRunner.runCommand (package:flutter_tools/src/runner/flutter_command_runner.dart:229:5)
<asynchronous suspension>
#13     run.<anonymous closure>.<anonymous closure> (package:flutter_tools/runner.dart:64:9)
<asynchronous suspension>
#14     AppContext.run.<anonymous closure> (package:flutter_tools/src/base/context.dart:150:19)
<asynchronous suspension>
#15     main (package:flutter_tools/executable.dart:91:3)
<asynchronous suspension>
```

## flutter doctor

```
[✓] Flutter (Channel stable, 3.7.9, on macOS 13.4.1 22F770820d darwin-arm64, locale en-PK)
    • Flutter version 3.7.9 on channel stable at /Users/sadaqathussain/fluttersdk/flutter
    • Upstream repository https://github.com/flutter/flutter.git
    • Framework revision 62bd79521d (5 months ago), 2023-03-30 10:59:36 -0700
    • Engine revision ec975089ac
    • Dart version 2.19.6
    • DevTools version 2.20.1

[✓] Android toolchain - develop for Android devices (Android SDK version 33.0.0)
    • Android SDK at /Users/sadaqathussain/Library/Android/sdk
    • Platform android-33, build-tools 33.0.0
    • ANDROID_HOME = /Users/sadaqathussain/Library/Android/sdk
    • Java binary at: /Applications/AndroidStudio.app/Contents/jre/Contents/Home/bin/java
    • Java version OpenJDK Runtime Environment (build 11.0.13+0-b1751.21-8125866)
    • All Android licenses accepted.

[✓] Xcode - develop for iOS and macOS (Xcode 14.3)
    • Xcode at /Applications/Xcode.app/Contents/Developer
    • Build 14E222b
    • CocoaPods version 1.12.1

[✓] Chrome - develop for the web
    • Chrome at /Applications/Google Chrome.app/Contents/MacOS/Google Chrome

[✓] Android Studio (version 2021.3)
    • Android Studio at /Applications/AndroidStudio.app/Contents
    • Flutter plugin can be installed from:
      🔨 https://plugins.jetbrains.com/plugin/9212-flutter
    • Dart plugin can be installed from:
      🔨 https://plugins.jetbrains.com/plugin/6351-dart
    • Java version OpenJDK Runtime Environment (build 11.0.13+0-b1751.21-8125866)

[✓] VS Code (version 1.81.1)
    • VS Code at /Applications/Visual Studio Code.app/Contents
    • Flutter extension version 3.70.0

[✓] Connected device (2 available)
    • macOS (desktop) • macos  • darwin-arm64   • macOS 13.4.1 22F770820d darwin-arm64
    • Chrome (web)    • chrome • web-javascript • Google Chrome 116.0.5845.96

[!] HTTP Host Availability
    ✗ HTTP host "https://cocoapods.org/" is not reachable. Reason: Failed to connect to host in 10 seconds

! Doctor found issues in 1 category.
```
